<?xml version="1.0" encoding="UTF-8"?>
<robot generator="Robot 6.0.2 (Python 3.10.11 on darwin)" generated="20230516 15:16:23.862" rpa="false" schemaversion="3">
<suite id="s1" name="Login" source="/Users/emmie/Desktop/Test_project/Testcases/api/ui/browser/web/login.robot">
<test id="s1-t1" name="TC0001 User unable to login to facebook when username is incorrect" line="9">
<kw name="Open Browser" library="SeleniumLibrary" type="SETUP">
<arg>browser=Chrome</arg>
<doc>Opens a new browser instance to the optional ``url``.</doc>
<msg timestamp="20230516 15:16:24.445" level="INFO">Opening browser 'Chrome' to base url 'None'.</msg>
<status status="PASS" starttime="20230516 15:16:24.444" endtime="20230516 15:16:27.165"/>
</kw>
<kw name="Open Facebook browser" library="common_keywords">
<doc>Open facebook website on browser</doc>
<kw name="Go To" library="SeleniumLibrary">
<arg>https://www.facebook.com/</arg>
<doc>Navigates the current browser window to the provided ``url``.</doc>
<msg timestamp="20230516 15:16:27.169" level="INFO">Opening url 'https://www.facebook.com/'</msg>
<status status="PASS" starttime="20230516 15:16:27.168" endtime="20230516 15:16:28.480"/>
</kw>
<status status="PASS" starttime="20230516 15:16:27.167" endtime="20230516 15:16:28.481"/>
</kw>
<kw name="Check go to login page" library="login_page">
<doc>Check login page has show</doc>
<kw name="Wait Until Element Is Visible" library="SeleniumLibrary">
<arg>${btn_login}</arg>
<arg>${GLOBALTIMEOUT}</arg>
<doc>Waits until the element ``locator`` is visible.</doc>
<status status="PASS" starttime="20230516 15:16:28.482" endtime="20230516 15:16:28.524"/>
</kw>
<status status="PASS" starttime="20230516 15:16:28.481" endtime="20230516 15:16:28.524"/>
</kw>
<kw name="Input And Submit Login Form" library="login">
<arg>${email}</arg>
<arg>${password}</arg>
<kw name="input email" library="login_page">
<arg>${email}</arg>
<doc>Input email to login</doc>
<kw name="Input Text To Element When Ready" library="common_keywords">
<arg>${txt_email}</arg>
<arg>${email}</arg>
<kw name="Wait Until Element Is Visible" library="SeleniumLibrary">
<arg>${location}</arg>
<arg>${GLOBALTIMEOUT}</arg>
<doc>Waits until the element ``locator`` is visible.</doc>
<status status="PASS" starttime="20230516 15:16:28.526" endtime="20230516 15:16:28.552"/>
</kw>
<kw name="Input Text" library="SeleniumLibrary">
<arg>${location}</arg>
<arg>${text}</arg>
<doc>Types the given ``text`` into the text field identified by ``locator``.</doc>
<msg timestamp="20230516 15:16:28.553" level="INFO">Typing text 'test' into text field 'xpath=//input[@id="email"]'.</msg>
<status status="PASS" starttime="20230516 15:16:28.552" endtime="20230516 15:16:28.679"/>
</kw>
<status status="PASS" starttime="20230516 15:16:28.526" endtime="20230516 15:16:28.680"/>
</kw>
<status status="PASS" starttime="20230516 15:16:28.525" endtime="20230516 15:16:28.680"/>
</kw>
<kw name="input password" library="login_page">
<arg>${password}</arg>
<doc>Input password to login</doc>
<kw name="Input Text To Element When Ready" library="common_keywords">
<arg>${txt_password}</arg>
<arg>${password}</arg>
<kw name="Wait Until Element Is Visible" library="SeleniumLibrary">
<arg>${location}</arg>
<arg>${GLOBALTIMEOUT}</arg>
<doc>Waits until the element ``locator`` is visible.</doc>
<status status="PASS" starttime="20230516 15:16:28.681" endtime="20230516 15:16:28.704"/>
</kw>
<kw name="Input Text" library="SeleniumLibrary">
<arg>${location}</arg>
<arg>${text}</arg>
<doc>Types the given ``text`` into the text field identified by ``locator``.</doc>
<msg timestamp="20230516 15:16:28.705" level="INFO">Typing text 'Mm1234567890' into text field 'xpath=//input[@id="pass"]'.</msg>
<status status="PASS" starttime="20230516 15:16:28.705" endtime="20230516 15:16:28.831"/>
</kw>
<status status="PASS" starttime="20230516 15:16:28.681" endtime="20230516 15:16:28.831"/>
</kw>
<status status="PASS" starttime="20230516 15:16:28.680" endtime="20230516 15:16:28.831"/>
</kw>
<kw name="click login button" library="login_page">
<doc>Login to website with email</doc>
<kw name="Click Element When Ready" library="common_keywords">
<arg>${btn_login}</arg>
<kw name="Wait Until Element Is Visible" library="SeleniumLibrary">
<arg>${location}</arg>
<arg>${GLOBALTIMEOUT}</arg>
<doc>Waits until the element ``locator`` is visible.</doc>
<status status="PASS" starttime="20230516 15:16:28.832" endtime="20230516 15:16:28.850"/>
</kw>
<kw name="Mouse Over" library="SeleniumLibrary">
<arg>${location}</arg>
<doc>Simulates hovering the mouse over the element ``locator``.</doc>
<msg timestamp="20230516 15:16:28.851" level="INFO">Simulating Mouse Over on element 'xpath=//button[@name="login"]'.</msg>
<status status="PASS" starttime="20230516 15:16:28.851" endtime="20230516 15:16:29.146"/>
</kw>
<kw name="Click Element" library="SeleniumLibrary">
<arg>${location}</arg>
<doc>Click the element identified by ``locator``.</doc>
<msg timestamp="20230516 15:16:29.147" level="INFO">Clicking element 'xpath=//button[@name="login"]'.</msg>
<status status="PASS" starttime="20230516 15:16:29.146" endtime="20230516 15:16:29.212"/>
</kw>
<status status="PASS" starttime="20230516 15:16:28.832" endtime="20230516 15:16:29.213"/>
</kw>
<status status="PASS" starttime="20230516 15:16:28.831" endtime="20230516 15:16:29.213"/>
</kw>
<status status="PASS" starttime="20230516 15:16:28.525" endtime="20230516 15:16:29.213"/>
</kw>
<kw name="Switch Window" library="SeleniumLibrary">
<arg>MAIN</arg>
<doc>Switches to browser window matching ``locator``.</doc>
<status status="PASS" starttime="20230516 15:16:29.213" endtime="20230516 15:16:29.245"/>
</kw>
<kw name="Verify login fail with invalid username" library="login">
<kw name="close popup" library="login_page">
<kw name="Wait Until Element Is Visible" library="SeleniumLibrary">
<arg>${popup}</arg>
<arg>timeout=15</arg>
<doc>Waits until the element ``locator`` is visible.</doc>
<status status="PASS" starttime="20230516 15:16:29.246" endtime="20230516 15:16:33.816"/>
</kw>
<kw name="Wait Until Element Is Visible" library="SeleniumLibrary">
<arg>${btn_close_popup}</arg>
<doc>Waits until the element ``locator`` is visible.</doc>
<status status="PASS" starttime="20230516 15:16:33.816" endtime="20230516 15:16:33.836"/>
</kw>
<kw name="Click Element" library="SeleniumLibrary">
<arg>${btn_close_popup}</arg>
<doc>Click the element identified by ``locator``.</doc>
<msg timestamp="20230516 15:16:33.837" level="INFO">Clicking element 'xpath=//a[@class="_39g9"][text()="Not you?"]'.</msg>
<status status="PASS" starttime="20230516 15:16:33.836" endtime="20230516 15:16:34.765"/>
</kw>
<status status="PASS" starttime="20230516 15:16:29.246" endtime="20230516 15:16:34.766"/>
</kw>
<kw name="verify invalid email error msg" library="login_page">
<doc>Check error message when input invalid email</doc>
<kw name="Wait Until Element Is Visible" library="SeleniumLibrary">
<arg>${msg_email_invalid}</arg>
<doc>Waits until the element ``locator`` is visible.</doc>
<status status="PASS" starttime="20230516 15:16:34.766" endtime="20230516 15:16:34.790"/>
</kw>
<status status="PASS" starttime="20230516 15:16:34.766" endtime="20230516 15:16:34.790"/>
</kw>
<status status="PASS" starttime="20230516 15:16:29.245" endtime="20230516 15:16:34.790"/>
</kw>
<kw name="Close Browser" library="SeleniumLibrary" type="TEARDOWN">
<doc>Closes the current browser.</doc>
<status status="PASS" starttime="20230516 15:16:34.791" endtime="20230516 15:16:34.966"/>
</kw>
<status status="PASS" starttime="20230516 15:16:24.443" endtime="20230516 15:16:34.966"/>
</test>
<doc>Verify that customer able to login fail and success correctly on TOPs website</doc>
<status status="PASS" starttime="20230516 15:16:23.864" endtime="20230516 15:16:34.967"/>
</suite>
<statistics>
<total>
<stat pass="1" fail="0" skip="0">All Tests</stat>
</total>
<tag>
</tag>
<suite>
<stat pass="1" fail="0" skip="0" id="s1" name="Login">Login</stat>
</suite>
</statistics>
<errors>
</errors>
</robot>
