<?xml version="1.0" encoding="UTF-8"?>
<robot generator="Robot 6.0.2 (Python 3.10.11 on darwin)" generated="20230516 01:35:59.152" rpa="false" schemaversion="3">
<suite id="s1" name="Login" source="/Users/emmie/Desktop/Test_project/Testcases/api/ui/browser/web/login.robot">
<test id="s1-t1" name="TC0001 User unable to login to facebook when username is incorrect" line="9">
<kw name="Open Browser" library="SeleniumLibrary" type="SETUP">
<arg>browser=Chrome</arg>
<doc>Opens a new browser instance to the optional ``url``.</doc>
<msg timestamp="20230516 01:35:59.374" level="INFO">Opening browser 'Chrome' to base url 'None'.</msg>
<status status="PASS" starttime="20230516 01:35:59.373" endtime="20230516 01:36:01.904"/>
</kw>
<kw name="Open Facebook browser" library="common_keywords">
<doc>Open facebook website on browser</doc>
<kw name="Go To" library="SeleniumLibrary">
<arg>https://www.facebook.com/</arg>
<doc>Navigates the current browser window to the provided ``url``.</doc>
<msg timestamp="20230516 01:36:01.906" level="INFO">Opening url 'https://www.facebook.com/'</msg>
<status status="PASS" starttime="20230516 01:36:01.905" endtime="20230516 01:36:03.331"/>
</kw>
<status status="PASS" starttime="20230516 01:36:01.905" endtime="20230516 01:36:03.331"/>
</kw>
<kw name="Check go to login page" library="login_page">
<doc>Check login page has show</doc>
<kw name="Wait Until Element Is Visible" library="SeleniumLibrary">
<arg>${btn_login}</arg>
<arg>${GLOBALTIMEOUT}</arg>
<doc>Waits until the element ``locator`` is visible.</doc>
<status status="PASS" starttime="20230516 01:36:03.333" endtime="20230516 01:36:03.376"/>
</kw>
<status status="PASS" starttime="20230516 01:36:03.332" endtime="20230516 01:36:03.376"/>
</kw>
<kw name="Input And Submit Login Form" library="login">
<arg>$email</arg>
<arg>$password</arg>
<kw name="input email" library="login_page">
<arg>${email}</arg>
<doc>Input email to login</doc>
<kw name="Input Text To Element When Ready" library="common_keywords">
<arg>${txt_email}</arg>
<arg>${email}</arg>
<kw name="Wait Until Element Is Visible" library="SeleniumLibrary">
<arg>${location}</arg>
<arg>${GLOBALTIMEOUT}</arg>
<doc>Waits until the element ``locator`` is visible.</doc>
<status status="PASS" starttime="20230516 01:36:03.378" endtime="20230516 01:36:03.406"/>
</kw>
<kw name="Input Text" library="SeleniumLibrary">
<arg>${location}</arg>
<arg>${text}</arg>
<doc>Types the given ``text`` into the text field identified by ``locator``.</doc>
<msg timestamp="20230516 01:36:03.407" level="INFO">Typing text '$email' into text field 'xpath=//input[@id="email"]'.</msg>
<status status="PASS" starttime="20230516 01:36:03.406" endtime="20230516 01:36:03.566"/>
</kw>
<status status="PASS" starttime="20230516 01:36:03.377" endtime="20230516 01:36:03.566"/>
</kw>
<status status="PASS" starttime="20230516 01:36:03.377" endtime="20230516 01:36:03.567"/>
</kw>
<kw name="input password" library="login_page">
<arg>${password}</arg>
<doc>Input password to login</doc>
<kw name="Input Text To Element When Ready" library="common_keywords">
<arg>${txt_password}</arg>
<arg>${password}</arg>
<kw name="Wait Until Element Is Visible" library="SeleniumLibrary">
<arg>${location}</arg>
<arg>${GLOBALTIMEOUT}</arg>
<doc>Waits until the element ``locator`` is visible.</doc>
<status status="PASS" starttime="20230516 01:36:03.568" endtime="20230516 01:36:03.593"/>
</kw>
<kw name="Input Text" library="SeleniumLibrary">
<arg>${location}</arg>
<arg>${text}</arg>
<doc>Types the given ``text`` into the text field identified by ``locator``.</doc>
<msg timestamp="20230516 01:36:03.594" level="INFO">Typing text '$password' into text field 'xpath=//input[@id="pass"]'.</msg>
<status status="PASS" starttime="20230516 01:36:03.593" endtime="20230516 01:36:03.708"/>
</kw>
<status status="PASS" starttime="20230516 01:36:03.567" endtime="20230516 01:36:03.708"/>
</kw>
<status status="PASS" starttime="20230516 01:36:03.567" endtime="20230516 01:36:03.708"/>
</kw>
<kw name="click login button" library="login_page">
<doc>Login to website with email</doc>
<kw name="Click Element When Ready" library="common_keywords">
<arg>${btn_login}</arg>
<kw name="Wait Until Element Is Visible" library="SeleniumLibrary">
<arg>${location}</arg>
<arg>${GLOBALTIMEOUT}</arg>
<doc>Waits until the element ``locator`` is visible.</doc>
<status status="PASS" starttime="20230516 01:36:03.710" endtime="20230516 01:36:03.729"/>
</kw>
<kw name="Mouse Over" library="SeleniumLibrary">
<arg>${location}</arg>
<doc>Simulates hovering the mouse over the element ``locator``.</doc>
<msg timestamp="20230516 01:36:03.730" level="INFO">Simulating Mouse Over on element 'xpath=//button[@name="login"]'.</msg>
<status status="PASS" starttime="20230516 01:36:03.730" endtime="20230516 01:36:04.038"/>
</kw>
<kw name="Click Element" library="SeleniumLibrary">
<arg>${location}</arg>
<doc>Click the element identified by ``locator``.</doc>
<msg timestamp="20230516 01:36:04.040" level="INFO">Clicking element 'xpath=//button[@name="login"]'.</msg>
<status status="PASS" starttime="20230516 01:36:04.038" endtime="20230516 01:36:04.122"/>
</kw>
<status status="PASS" starttime="20230516 01:36:03.709" endtime="20230516 01:36:04.122"/>
</kw>
<status status="PASS" starttime="20230516 01:36:03.708" endtime="20230516 01:36:04.122"/>
</kw>
<status status="PASS" starttime="20230516 01:36:03.376" endtime="20230516 01:36:04.122"/>
</kw>
<kw name="Verify login fail with invalid username" library="login">
<kw name="close popup" library="login_page">
<kw name="Switch Window" library="SeleniumLibrary">
<arg>MAIN</arg>
<doc>Switches to browser window matching ``locator``.</doc>
<status status="PASS" starttime="20230516 01:36:04.123" endtime="20230516 01:36:04.163"/>
</kw>
<kw name="Wait Until Element Is Visible" library="SeleniumLibrary">
<arg>${popup}</arg>
<arg>timeout=15</arg>
<doc>Waits until the element ``locator`` is visible.</doc>
<msg timestamp="20230516 01:36:19.468" level="INFO" html="true">&lt;/td&gt;&lt;/tr&gt;&lt;tr&gt;&lt;td colspan="3"&gt;&lt;a href="selenium-screenshot-9.png"&gt;&lt;img src="selenium-screenshot-9.png" width="800px"&gt;&lt;/a&gt;</msg>
<msg timestamp="20230516 01:36:19.469" level="FAIL">Element 'xpath=//i[@class="_9ai6 img sp_-Ww9-2lZPiS sx_3813d1"]' not visible after 15 seconds.</msg>
<status status="FAIL" starttime="20230516 01:36:04.163" endtime="20230516 01:36:19.479"/>
</kw>
<kw name="Click Element" library="SeleniumLibrary">
<arg>${btn_close_popup}</arg>
<doc>Click the element identified by ``locator``.</doc>
<status status="NOT RUN" starttime="20230516 01:36:19.480" endtime="20230516 01:36:19.480"/>
</kw>
<status status="FAIL" starttime="20230516 01:36:04.123" endtime="20230516 01:36:19.480"/>
</kw>
<kw name="verify invalid email error msg" library="login_page">
<doc>Check error message when input invalid email</doc>
<status status="NOT RUN" starttime="20230516 01:36:19.480" endtime="20230516 01:36:19.480"/>
</kw>
<status status="FAIL" starttime="20230516 01:36:04.123" endtime="20230516 01:36:19.481"/>
</kw>
<kw name="Close Browser" library="SeleniumLibrary" type="TEARDOWN">
<doc>Closes the current browser.</doc>
<status status="PASS" starttime="20230516 01:36:19.482" endtime="20230516 01:36:19.730"/>
</kw>
<status status="FAIL" starttime="20230516 01:35:59.372" endtime="20230516 01:36:19.731">Element 'xpath=//i[@class="_9ai6 img sp_-Ww9-2lZPiS sx_3813d1"]' not visible after 15 seconds.</status>
</test>
<doc>Verify that customer able to login fail and success correctly on TOPs website</doc>
<status status="FAIL" starttime="20230516 01:35:59.157" endtime="20230516 01:36:19.737"/>
</suite>
<statistics>
<total>
<stat pass="0" fail="1" skip="0">All Tests</stat>
</total>
<tag>
</tag>
<suite>
<stat pass="0" fail="1" skip="0" id="s1" name="Login">Login</stat>
</suite>
</statistics>
<errors>
</errors>
</robot>
